<?xml version="1.0" encoding="UTF-8"?>
<!-- Generated by org.testng.reporters.JUnitReportReporter -->
<testsuite skipped="0" hostname="DESKTOP-7313MKP" name="AddToCart" tests="1" failures="0" timestamp="2021-05-29T01:52:01 PDT" time="18.271" errors="0">
  <testcase name="AddToCart" time="18.271" classname="AddToCart"/>
  <system-out/>
</testsuite> <!-- AddToCart -->
